2025-06-30 15:02:10,133 mercadoturbo api-mercado-livre-dev.jar[6480] INFO  [io.quarkus] (Quarkus Main Thread) api-mercado-livre 1.0.0-SNAPSHOT on JVM (powered by Quarkus 3.10.0) started in 0.993s. Listening on: http://localhost:8080
2025-06-30 15:02:10,134 mercadoturbo api-mercado-livre-dev.jar[6480] INFO  [io.quarkus] (Quarkus Main Thread) Profile dev activated. Live Coding activated.
2025-06-30 15:02:10,135 mercadoturbo api-mercado-livre-dev.jar[6480] INFO  [io.quarkus] (Quarkus Main Thread) Installed features: [cdi, rest, rest-client, rest-client-jackson, rest-jackson, smallrye-context-propagation, smallrye-openapi, swagger-ui, vertx]
2025-06-30 15:02:10,135 mercadoturbo api-mercado-livre-dev.jar[6480] INFO  [io.qua.dep.dev.RuntimeUpdatesProcessor] (vert.x-worker-thread-39) Live reload total time: 1.202s 
2025-06-30 15:02:10,149 mercadoturbo api-mercado-livre-dev.jar[6480] ERROR [io.qua.ver.htt.run.QuarkusErrorHandler] (vert.x-eventloop-thread-1) HTTP Request to /users/445066511/invoices/state_registry/%7Bcnpj%7D failed, error id: 223e8b63-b5df-42d5-af30-7f3c76356f5d-1: java.lang.NullPointerException: Param was null
	at org.jboss.resteasy.reactive.client.impl.WebTargetImpl.resolveTemplate(WebTargetImpl.java:112)
	at org.jboss.resteasy.reactive.client.impl.WebTargetImpl.resolveTemplate(WebTargetImpl.java:25)
	at br.com.mercadoturbo.mercadolivre.client.MercadoLivreInscricaoEstadualApi$$QuarkusRestClientInterface.getRegistroEstadual(Unknown Source)
	at br.com.mercadoturbo.mercadolivre.client.MercadoLivreInscricaoEstadualApi$$CDIWrapper.getRegistroEstadual(Unknown Source)
	at br.com.mercadoturbo.mercadolivre.client.MercadoLivreInscricaoEstadualApi$$CDIWrapper_ClientProxy.getRegistroEstadual(Unknown Source)
	at br.com.mercadoturbo.mercadolivre.service.RegistroEstadualService.getRegistroEstadual(RegistroEstadualService.java:31)
	at br.com.mercadoturbo.mercadolivre.service.RegistroEstadualService_ClientProxy.getRegistroEstadual(Unknown Source)
	at br.com.mercadoturbo.mercadolivre.resource.RegistroEstadualResource.getRegistroEstadual(RegistroEstadualResource.java:68)
	at br.com.mercadoturbo.mercadolivre.resource.RegistroEstadualResource$quarkusrestinvoker$getRegistroEstadual_64e4c56c8f8e0ac18322d2b58eff55ff24cf50e7.invoke(Unknown Source)
	at org.jboss.resteasy.reactive.server.handlers.InvocationHandler.handle(InvocationHandler.java:29)
	at io.quarkus.resteasy.reactive.server.runtime.QuarkusResteasyReactiveRequestContext.invokeHandler(QuarkusResteasyReactiveRequestContext.java:141)
	at org.jboss.resteasy.reactive.common.core.AbstractResteasyReactiveContext.run(AbstractResteasyReactiveContext.java:147)
	at org.jboss.resteasy.reactive.server.handlers.RestInitialHandler.beginProcessing(RestInitialHandler.java:48)
	at org.jboss.resteasy.reactive.server.vertx.ResteasyReactiveVertxHandler.handle(ResteasyReactiveVertxHandler.java:23)
	at org.jboss.resteasy.reactive.server.vertx.ResteasyReactiveVertxHandler.handle(ResteasyReactiveVertxHandler.java:10)
	at io.vertx.ext.web.impl.RouteState.handleContext(RouteState.java:1285)
	at io.vertx.ext.web.impl.RoutingContextImplBase.iterateNext(RoutingContextImplBase.java:177)
	at io.vertx.ext.web.impl.RoutingContextImpl.next(RoutingContextImpl.java:137)
	at io.quarkus.vertx.http.runtime.options.HttpServerCommonHandlers$1.handle(HttpServerCommonHandlers.java:62)
	at io.quarkus.vertx.http.runtime.options.HttpServerCommonHandlers$1.handle(HttpServerCommonHandlers.java:40)
	at io.vertx.ext.web.impl.RouteState.handleContext(RouteState.java:1285)
	at io.vertx.ext.web.impl.RoutingContextImplBase.iterateNext(RoutingContextImplBase.java:177)
	at io.vertx.ext.web.impl.RoutingContextImpl.next(RoutingContextImpl.java:137)
	at io.quarkus.resteasy.reactive.server.runtime.ResteasyReactiveRecorder$13.handle(ResteasyReactiveRecorder.java:352)
	at io.quarkus.resteasy.reactive.server.runtime.ResteasyReactiveRecorder$13.handle(ResteasyReactiveRecorder.java:345)
	at io.vertx.ext.web.impl.RouteState.handleContext(RouteState.java:1285)
	at io.vertx.ext.web.impl.RoutingContextImplBase.iterateNext(RoutingContextImplBase.java:177)
	at io.vertx.ext.web.impl.RoutingContextImpl.next(RoutingContextImpl.java:137)
	at io.quarkus.vertx.http.runtime.devmode.VertxHttpHotReplacementSetup.handleHotReplacementRequest(VertxHttpHotReplacementSetup.java:144)
	at io.quarkus.vertx.http.runtime.VertxHttpRecorder$5.handle(VertxHttpRecorder.java:442)
	at io.quarkus.vertx.http.runtime.VertxHttpRecorder$5.handle(VertxHttpRecorder.java:438)
	at io.vertx.ext.web.impl.RouteState.handleContext(RouteState.java:1285)
	at io.vertx.ext.web.impl.RoutingContextImplBase.iterateNext(RoutingContextImplBase.java:177)
	at io.vertx.ext.web.impl.RoutingContextImpl.next(RoutingContextImpl.java:137)
	at io.vertx.ext.web.impl.RouterImpl.handle(RouterImpl.java:68)
	at io.vertx.ext.web.impl.RouterImpl.handle(RouterImpl.java:37)
	at io.quarkus.vertx.http.runtime.options.HttpServerCommonHandlers$2.handle(HttpServerCommonHandlers.java:86)
	at io.quarkus.vertx.http.runtime.options.HttpServerCommonHandlers$2.handle(HttpServerCommonHandlers.java:69)
	at io.quarkus.vertx.http.runtime.VertxHttpRecorder$1.handle(VertxHttpRecorder.java:167)
	at io.quarkus.vertx.http.runtime.VertxHttpRecorder$1.handle(VertxHttpRecorder.java:143)
	at io.quarkus.vertx.http.runtime.devmode.VertxHttpHotReplacementSetup$5.handle(VertxHttpHotReplacementSetup.java:202)
	at io.quarkus.vertx.http.runtime.devmode.VertxHttpHotReplacementSetup$5.handle(VertxHttpHotReplacementSetup.java:192)
	at io.vertx.core.impl.future.FutureImpl$4.onSuccess(FutureImpl.java:176)
	at io.vertx.core.impl.future.FutureBase.lambda$emitSuccess$0(FutureBase.java:60)
	at io.netty.util.concurrent.AbstractEventExecutor.runTask(AbstractEventExecutor.java:173)
	at io.netty.util.concurrent.AbstractEventExecutor.safeExecute(AbstractEventExecutor.java:166)
	at io.netty.util.concurrent.SingleThreadEventExecutor.runAllTasks(SingleThreadEventExecutor.java:470)
	at io.netty.channel.nio.NioEventLoop.run(NioEventLoop.java:569)
	at io.netty.util.concurrent.SingleThreadEventExecutor$4.run(SingleThreadEventExecutor.java:997)
	at io.netty.util.internal.ThreadExecutorMap$2.run(ThreadExecutorMap.java:74)
	at io.netty.util.concurrent.FastThreadLocalRunnable.run(FastThreadLocalRunnable.java:30)
	at java.base/java.lang.Thread.run(Thread.java:1447)

